<?xml version="1.0" encoding="UTF-8"?>
<beans xmlns="http://www.springframework.org/schema/beans"
       xmlns:xsi="http://www.w3.org/2001/XMLSchema-instance"
       xmlns:util="http://www.springframework.org/schema/util"
       xsi:schemaLocation="http://www.springframework.org/schema/beans
	http://www.springframework.org/schema/beans/spring-beans-2.5.xsd
	http://www.springframework.org/schema/util
	http://www.springframework.org/schema/util/spring-util-2.5.xsd
 ">
       <bean id="componentCache" class="component.ComponentCache">
              <property name="cache">
                     <util:list list-class="java.util.ArrayList" value-type="component.SVLComponent" scope="singleton">
                            <ref bean="idbrand"/>
                            <ref bean="idprofession"/>
                            <ref bean="lang" />
                            <ref bean="idcompanytype" />
                     </util:list>
              </property>
       </bean>

       <bean id="idbrand" class="component.SVLComponent" scope="prototype">
              <property name="field" value="idbrand"/>
              <property name="xmlName" value="212"/>
       </bean>

       <bean id="idprofession" class="component.SVLComponent" scope="prototype">
              <property name="field" value="idprofession"/>
              <property name="xmlName" value="2011"/>
       </bean>

    <bean id="lang" class="component.SVLComponent" scope="prototype">
        <property name="field" value="lang"/>
        <property name="xmlName" value="1000"/>
    </bean>

    <bean id="idcompanytype" class="component.SVLComponent" scope="prototype">
        <property name="field" value="idcompanytype"/>
        <property name="xmlName" value="2005"/>
    </bean>


       <bean id="userQuery" class="container.UserQuery">
              <property name="containers">
                     <util:list list-class="java.util.ArrayList" value-type="container.Container" scope="singleton">
                            <ref bean="filterContainer"></ref>
                            <ref bean="queryContainer"></ref>

                     </util:list>
              </property>
       </bean>

       <bean id="filterContainer" class="container.FilterContainer">
              <property name="components">
                     <util:set set-class="java.util.HashSet" value-type="component.Component" scope="singleton" >
                     </util:set>
              </property>
       </bean>

       <bean id="queryContainer" class="container.QueryContainer">
              <property name="components">
                     <util:set set-class="java.util.HashSet" value-type="component.Component" scope="singleton" >
                     </util:set>
              </property>
       </bean>

</beans>